[0.693s] Invoking command in '/home/nakane/Ros/src/mypkg': PYTHONPATH=/home/nakane/Ros/build/mypkg/prefix_override:/home/nakane/Ros/install/mypkg/lib/python3.10/site-packages:${PYTHONPATH} /usr/bin/python3 setup.py egg_info --egg-base ../../build/mypkg build --build-base /home/nakane/Ros/build/mypkg/build install --record /home/nakane/Ros/build/mypkg/install.log --single-version-externally-managed
[0.974s] running egg_info
[0.974s] writing ../../build/mypkg/mypkg.egg-info/PKG-INFO
[0.974s] writing dependency_links to ../../build/mypkg/mypkg.egg-info/dependency_links.txt
[0.975s] writing entry points to ../../build/mypkg/mypkg.egg-info/entry_points.txt
[0.975s] writing requirements to ../../build/mypkg/mypkg.egg-info/requires.txt
[0.975s] writing top-level names to ../../build/mypkg/mypkg.egg-info/top_level.txt
[0.977s] reading manifest file '../../build/mypkg/mypkg.egg-info/SOURCES.txt'
[0.978s] writing manifest file '../../build/mypkg/mypkg.egg-info/SOURCES.txt'
[0.978s] running build
[0.978s] running build_py
[0.978s] copying mypkg/listener.py -> /home/nakane/Ros/build/mypkg/build/lib/mypkg
[0.979s] running install
[0.980s] /usr/lib/python3/dist-packages/setuptools/command/install.py:34: SetuptoolsDeprecationWarning: setup.py install is deprecated. Use build and pip and other standards-based tools.
[0.980s]   warnings.warn(
[0.980s] running install_lib
[0.981s] copying /home/nakane/Ros/build/mypkg/build/lib/mypkg/listener.py -> /home/nakane/Ros/install/mypkg/lib/python3.10/site-packages/mypkg
[0.982s] byte-compiling /home/nakane/Ros/install/mypkg/lib/python3.10/site-packages/mypkg/listener.py to listener.cpython-310.pyc
[0.984s] running install_data
[0.985s] running install_egg_info
[0.986s] removing '/home/nakane/Ros/install/mypkg/lib/python3.10/site-packages/mypkg-0.0.0-py3.10.egg-info' (and everything under it)
[0.987s] Copying ../../build/mypkg/mypkg.egg-info to /home/nakane/Ros/install/mypkg/lib/python3.10/site-packages/mypkg-0.0.0-py3.10.egg-info
[0.997s] running install_scripts
[1.017s] Installing listener script to /home/nakane/Ros/install/mypkg/lib/mypkg
[1.018s] Installing talker script to /home/nakane/Ros/install/mypkg/lib/mypkg
[1.018s] writing list of installed files to '/home/nakane/Ros/build/mypkg/install.log'
[1.033s] Invoked command in '/home/nakane/Ros/src/mypkg' returned '0': PYTHONPATH=/home/nakane/Ros/build/mypkg/prefix_override:/home/nakane/Ros/install/mypkg/lib/python3.10/site-packages:${PYTHONPATH} /usr/bin/python3 setup.py egg_info --egg-base ../../build/mypkg build --build-base /home/nakane/Ros/build/mypkg/build install --record /home/nakane/Ros/build/mypkg/install.log --single-version-externally-managed
