[0.707s] Invoking command in '/home/nakane/Ros/src/mypkg': PYTHONPATH=/home/nakane/Ros/build/mypkg/prefix_override:/home/nakane/Ros/install/mypkg/lib/python3.10/site-packages:${PYTHONPATH} /usr/bin/python3 setup.py egg_info --egg-base ../../build/mypkg build --build-base /home/nakane/Ros/build/mypkg/build install --record /home/nakane/Ros/build/mypkg/install.log --single-version-externally-managed
[0.983s] running egg_info
[0.983s] writing ../../build/mypkg/mypkg.egg-info/PKG-INFO
[0.983s] writing dependency_links to ../../build/mypkg/mypkg.egg-info/dependency_links.txt
[0.983s] writing entry points to ../../build/mypkg/mypkg.egg-info/entry_points.txt
[0.985s] writing requirements to ../../build/mypkg/mypkg.egg-info/requires.txt
[0.985s] writing top-level names to ../../build/mypkg/mypkg.egg-info/top_level.txt
[0.986s] reading manifest file '../../build/mypkg/mypkg.egg-info/SOURCES.txt'
[0.990s] writing manifest file '../../build/mypkg/mypkg.egg-info/SOURCES.txt'
[0.990s] running build
[0.991s] running build_py
[0.991s] copying mypkg/listener.py -> /home/nakane/Ros/build/mypkg/build/lib/mypkg
[0.992s] copying mypkg/talker.py -> /home/nakane/Ros/build/mypkg/build/lib/mypkg
[0.993s] copying mypkg/__init__.py -> /home/nakane/Ros/build/mypkg/build/lib/mypkg
[0.994s] running install
[0.994s] /usr/lib/python3/dist-packages/setuptools/command/install.py:34: SetuptoolsDeprecationWarning: setup.py install is deprecated. Use build and pip and other standards-based tools.
[0.994s]   warnings.warn(
[0.994s] running install_lib
[0.995s] copying /home/nakane/Ros/build/mypkg/build/lib/mypkg/listener.py -> /home/nakane/Ros/install/mypkg/lib/python3.10/site-packages/mypkg
[0.997s] copying /home/nakane/Ros/build/mypkg/build/lib/mypkg/talker.py -> /home/nakane/Ros/install/mypkg/lib/python3.10/site-packages/mypkg
[0.998s] copying /home/nakane/Ros/build/mypkg/build/lib/mypkg/__init__.py -> /home/nakane/Ros/install/mypkg/lib/python3.10/site-packages/mypkg
[0.999s] byte-compiling /home/nakane/Ros/install/mypkg/lib/python3.10/site-packages/mypkg/listener.py to listener.cpython-310.pyc
[1.001s] byte-compiling /home/nakane/Ros/install/mypkg/lib/python3.10/site-packages/mypkg/talker.py to talker.cpython-310.pyc
[1.002s] byte-compiling /home/nakane/Ros/install/mypkg/lib/python3.10/site-packages/mypkg/__init__.py to __init__.cpython-310.pyc
[1.004s] running install_data
[1.004s] copying resource/mypkg -> /home/nakane/Ros/install/mypkg/share/ament_index/resource_index/packages
[1.005s] copying package.xml -> /home/nakane/Ros/install/mypkg/share/mypkg
[1.006s] running install_egg_info
[1.007s] removing '/home/nakane/Ros/install/mypkg/lib/python3.10/site-packages/mypkg-0.0.0-py3.10.egg-info' (and everything under it)
[1.009s] Copying ../../build/mypkg/mypkg.egg-info to /home/nakane/Ros/install/mypkg/lib/python3.10/site-packages/mypkg-0.0.0-py3.10.egg-info
[1.016s] running install_scripts
[1.036s] Installing listener script to /home/nakane/Ros/install/mypkg/lib/mypkg
[1.036s] Installing talker script to /home/nakane/Ros/install/mypkg/lib/mypkg
[1.036s] writing list of installed files to '/home/nakane/Ros/build/mypkg/install.log'
[1.056s] Invoked command in '/home/nakane/Ros/src/mypkg' returned '0': PYTHONPATH=/home/nakane/Ros/build/mypkg/prefix_override:/home/nakane/Ros/install/mypkg/lib/python3.10/site-packages:${PYTHONPATH} /usr/bin/python3 setup.py egg_info --egg-base ../../build/mypkg build --build-base /home/nakane/Ros/build/mypkg/build install --record /home/nakane/Ros/build/mypkg/install.log --single-version-externally-managed
